TN:
SF:src/index.js
FN:11,(anonymous_0)
FN:16,(anonymous_1)
FN:28,(anonymous_2)
FN:39,(anonymous_3)
FN:47,(anonymous_4)
FN:68,(anonymous_5)
FN:81,(anonymous_6)
FN:90,(anonymous_7)
FN:104,(anonymous_8)
FN:125,(anonymous_9)
FNF:10
FNH:6
FNDA:1,(anonymous_0)
FNDA:0,(anonymous_1)
FNDA:0,(anonymous_2)
FNDA:1,(anonymous_3)
FNDA:0,(anonymous_4)
FNDA:1,(anonymous_5)
FNDA:1,(anonymous_6)
FNDA:1,(anonymous_7)
FNDA:1,(anonymous_8)
FNDA:0,(anonymous_9)
DA:5,1
DA:6,1
DA:8,1
DA:9,1
DA:11,1
DA:12,1
DA:13,1
DA:16,1
DA:17,0
DA:18,0
DA:22,0
DA:24,0
DA:28,1
DA:29,0
DA:30,0
DA:33,0
DA:35,0
DA:39,1
DA:40,1
DA:41,1
DA:44,1
DA:47,1
DA:48,0
DA:49,0
DA:50,0
DA:53,0
DA:54,0
DA:62,0
DA:64,0
DA:68,1
DA:69,1
DA:70,1
DA:78,1
DA:81,1
DA:82,1
DA:83,1
DA:87,1
DA:90,1
DA:91,1
DA:92,1
DA:93,1
DA:94,1
DA:98,1
DA:100,0
DA:104,1
DA:105,1
DA:106,1
DA:107,1
DA:110,1
DA:111,0
DA:114,1
DA:117,1
DA:119,0
DA:123,1
DA:124,0
DA:125,0
DA:126,0
LF:57
LH:36
BRDA:49,0,0,0
BRDA:49,0,1,0
BRDA:110,1,0,0
BRDA:110,1,1,1
BRDA:123,2,0,0
BRDA:123,2,1,1
BRDA:124,3,0,0
BRDA:124,3,1,0
BRF:8
BRH:2
end_of_record
TN:
SF:src/routes/auth.js
FN:10,(anonymous_0)
FN:38,(anonymous_1)
FNF:2
FNH:1
FNDA:0,(anonymous_0)
FNDA:6,(anonymous_1)
DA:6,1
DA:7,1
DA:10,1
DA:11,0
DA:13,0
DA:14,0
DA:17,0
DA:19,0
DA:22,0
DA:30,0
DA:32,0
DA:33,0
DA:38,1
DA:39,6
DA:41,6
DA:42,0
DA:45,6
DA:47,6
DA:49,6
DA:50,0
DA:54,6
DA:56,6
DA:57,6
DA:61,0
DA:63,0
DA:65,0
DA:66,0
LF:27
LH:12
BRDA:13,0,0,0
BRDA:13,0,1,0
BRDA:13,1,0,0
BRDA:13,1,1,0
BRDA:13,1,2,0
BRDA:41,2,0,0
BRDA:41,2,1,6
BRDA:41,3,0,6
BRDA:41,3,1,6
BRDA:49,4,0,0
BRDA:49,4,1,6
BRDA:56,5,0,6
BRDA:56,5,1,0
BRF:13
BRH:5
end_of_record
