TN:
SF:src/index.js
FN:9,(anonymous_0)
FN:14,(anonymous_1)
FN:26,(anonymous_2)
FN:37,(anonymous_3)
FN:45,(anonymous_4)
FN:66,(anonymous_5)
FN:73,(anonymous_6)
FN:86,(anonymous_7)
FN:95,(anonymous_8)
FN:109,(anonymous_9)
FN:130,(anonymous_10)
FNF:11
FNH:7
FNDA:1,(anonymous_0)
FNDA:0,(anonymous_1)
FNDA:0,(anonymous_2)
FNDA:1,(anonymous_3)
FNDA:0,(anonymous_4)
FNDA:1,(anonymous_5)
FNDA:1,(anonymous_6)
FNDA:1,(anonymous_7)
FNDA:1,(anonymous_8)
FNDA:1,(anonymous_9)
FNDA:0,(anonymous_10)
DA:4,1
DA:5,1
DA:7,1
DA:9,1
DA:10,1
DA:11,1
DA:14,1
DA:15,0
DA:16,0
DA:20,0
DA:22,0
DA:26,1
DA:27,0
DA:28,0
DA:31,0
DA:33,0
DA:37,1
DA:38,1
DA:39,1
DA:42,1
DA:45,1
DA:46,0
DA:47,0
DA:48,0
DA:51,0
DA:52,0
DA:60,0
DA:62,0
DA:66,1
DA:67,1
DA:70,1
DA:73,1
DA:74,1
DA:75,1
DA:83,1
DA:86,1
DA:87,1
DA:88,1
DA:92,1
DA:95,1
DA:96,1
DA:97,1
DA:98,1
DA:99,1
DA:103,1
DA:105,0
DA:109,1
DA:110,1
DA:111,1
DA:112,1
DA:115,1
DA:116,0
DA:119,1
DA:122,1
DA:124,0
DA:128,1
DA:129,0
DA:130,0
DA:131,0
LF:59
LH:38
BRDA:47,0,0,0
BRDA:47,0,1,0
BRDA:115,1,0,0
BRDA:115,1,1,1
BRDA:128,2,0,0
BRDA:128,2,1,1
BRDA:129,3,0,0
BRDA:129,3,1,0
BRF:8
BRH:2
end_of_record
